<?xml version="1.0" encoding="UTF-8"?>
<testng-results ignored="0" total="1" passed="1" failed="0" skipped="0">
  <reporter-output>
  </reporter-output>
  <suite started-at="2020-11-07T17:57:58Z" name="Default suite" finished-at="2020-11-07T17:57:58Z" duration-ms="27">
    <groups>
    </groups>
    <test started-at="2020-11-07T17:57:58Z" name="Default test" finished-at="2020-11-07T17:57:58Z" duration-ms="27">
      <class name="test.TestNGEj">
        <test-method signature="f()[pri:0, instance:test.TestNGEj@49c7b90e]" started-at="2020-11-07T11:57:58Z" name="f" finished-at="2020-11-07T11:57:58Z" duration-ms="10" status="PASS">
          <reporter-output>
          </reporter-output>
        </test-method> <!-- f -->
      </class> <!-- test.TestNGEj -->
    </test> <!-- Default test -->
  </suite> <!-- Default suite -->
</testng-results>
